WARNING: Sinatra 1.2.x has reached its EOL. Please upgrade.
WARNING: Sinatra 1.2.x has reached its EOL. Please upgrade.
WARNING: Sinatra 1.2.x has reached its EOL. Please upgrade.
[ pid=9306 thr=70170580307160 file=utils.rb:176 time=2013-04-12 11:21:49.238 ]: *** Exception NameError in PhusionPassenger::Rack::ApplicationSpawner (uninitialized constant Application) (process 9306, thread #<Thread:0x007fa3b90699b0>):
	from config.ru:9:in `block in <main>'
	from /Users/simonwalther/.rvm/gems/ruby-1.9.3-p286/gems/rack-1.2.1/lib/rack/builder.rb:46:in `instance_eval'
	from /Users/simonwalther/.rvm/gems/ruby-1.9.3-p286/gems/rack-1.2.1/lib/rack/builder.rb:46:in `initialize'
	from config.ru:1:in `new'
	from config.ru:1:in `<main>'
	from /Users/simonwalther/.passenger/standalone/3.0.19-x86_64-ruby1.9.3-macosx-10.7/support/lib/phusion_passenger/rack/application_spawner.rb:225:in `eval'
	from /Users/simonwalther/.passenger/standalone/3.0.19-x86_64-ruby1.9.3-macosx-10.7/support/lib/phusion_passenger/rack/application_spawner.rb:225:in `load_rack_app'
	from /Users/simonwalther/.passenger/standalone/3.0.19-x86_64-ruby1.9.3-macosx-10.7/support/lib/phusion_passenger/rack/application_spawner.rb:157:in `block in initialize_server'
	from /Users/simonwalther/.passenger/standalone/3.0.19-x86_64-ruby1.9.3-macosx-10.7/support/lib/phusion_passenger/utils.rb:563:in `report_app_init_status'
	from /Users/simonwalther/.passenger/standalone/3.0.19-x86_64-ruby1.9.3-macosx-10.7/support/lib/phusion_passenger/rack/application_spawner.rb:154:in `initialize_server'
	from /Users/simonwalther/.passenger/standalone/3.0.19-x86_64-ruby1.9.3-macosx-10.7/support/lib/phusion_passenger/abstract_server.rb:204:in `start_synchronously'
	from /Users/simonwalther/.passenger/standalone/3.0.19-x86_64-ruby1.9.3-macosx-10.7/support/lib/phusion_passenger/abstract_server.rb:180:in `start'
	from /Users/simonwalther/.passenger/standalone/3.0.19-x86_64-ruby1.9.3-macosx-10.7/support/lib/phusion_passenger/rack/application_spawner.rb:129:in `start'
	from /Users/simonwalther/.passenger/standalone/3.0.19-x86_64-ruby1.9.3-macosx-10.7/support/lib/phusion_passenger/spawn_manager.rb:253:in `block (2 levels) in spawn_rack_application'
	from /Users/simonwalther/.passenger/standalone/3.0.19-x86_64-ruby1.9.3-macosx-10.7/support/lib/phusion_passenger/abstract_server_collection.rb:132:in `lookup_or_add'
	from /Users/simonwalther/.passenger/standalone/3.0.19-x86_64-ruby1.9.3-macosx-10.7/support/lib/phusion_passenger/spawn_manager.rb:246:in `block in spawn_rack_application'
	from /Users/simonwalther/.passenger/standalone/3.0.19-x86_64-ruby1.9.3-macosx-10.7/support/lib/phusion_passenger/abstract_server_collection.rb:82:in `block in synchronize'
	from <internal:prelude>:10:in `synchronize'
	from /Users/simonwalther/.passenger/standalone/3.0.19-x86_64-ruby1.9.3-macosx-10.7/support/lib/phusion_passenger/abstract_server_collection.rb:79:in `synchronize'
	from /Users/simonwalther/.passenger/standalone/3.0.19-x86_64-ruby1.9.3-macosx-10.7/support/lib/phusion_passenger/spawn_manager.rb:244:in `spawn_rack_application'
	from /Users/simonwalther/.passenger/standalone/3.0.19-x86_64-ruby1.9.3-macosx-10.7/support/lib/phusion_passenger/spawn_manager.rb:137:in `spawn_application'
	from /Users/simonwalther/.passenger/standalone/3.0.19-x86_64-ruby1.9.3-macosx-10.7/support/lib/phusion_passenger/spawn_manager.rb:275:in `handle_spawn_application'
	from /Users/simonwalther/.passenger/standalone/3.0.19-x86_64-ruby1.9.3-macosx-10.7/support/lib/phusion_passenger/abstract_server.rb:357:in `server_main_loop'
	from /Users/simonwalther/.passenger/standalone/3.0.19-x86_64-ruby1.9.3-macosx-10.7/support/lib/phusion_passenger/abstract_server.rb:206:in `start_synchronously'
	from /Users/simonwalther/.passenger/standalone/3.0.19-x86_64-ruby1.9.3-macosx-10.7/support/helper-scripts/passenger-spawn-server:99:in `<main>'
WARNING: Sinatra 1.2.x has reached its EOL. Please upgrade.
[ pid=9306 thr=70170580307160 file=utils.rb:176 time=2013-04-12 11:21:50.607 ]: *** Exception NameError in PhusionPassenger::Rack::ApplicationSpawner (uninitialized constant Application) (process 9306, thread #<Thread:0x007fa3b90699b0>):
	from config.ru:9:in `block in <main>'
	from /Users/simonwalther/.rvm/gems/ruby-1.9.3-p286/gems/rack-1.2.1/lib/rack/builder.rb:46:in `instance_eval'
	from /Users/simonwalther/.rvm/gems/ruby-1.9.3-p286/gems/rack-1.2.1/lib/rack/builder.rb:46:in `initialize'
	from config.ru:1:in `new'
	from config.ru:1:in `<main>'
	from /Users/simonwalther/.passenger/standalone/3.0.19-x86_64-ruby1.9.3-macosx-10.7/support/lib/phusion_passenger/rack/application_spawner.rb:225:in `eval'
	from /Users/simonwalther/.passenger/standalone/3.0.19-x86_64-ruby1.9.3-macosx-10.7/support/lib/phusion_passenger/rack/application_spawner.rb:225:in `load_rack_app'
	from /Users/simonwalther/.passenger/standalone/3.0.19-x86_64-ruby1.9.3-macosx-10.7/support/lib/phusion_passenger/rack/application_spawner.rb:157:in `block in initialize_server'
	from /Users/simonwalther/.passenger/standalone/3.0.19-x86_64-ruby1.9.3-macosx-10.7/support/lib/phusion_passenger/utils.rb:563:in `report_app_init_status'
	from /Users/simonwalther/.passenger/standalone/3.0.19-x86_64-ruby1.9.3-macosx-10.7/support/lib/phusion_passenger/rack/application_spawner.rb:154:in `initialize_server'
	from /Users/simonwalther/.passenger/standalone/3.0.19-x86_64-ruby1.9.3-macosx-10.7/support/lib/phusion_passenger/abstract_server.rb:204:in `start_synchronously'
	from /Users/simonwalther/.passenger/standalone/3.0.19-x86_64-ruby1.9.3-macosx-10.7/support/lib/phusion_passenger/abstract_server.rb:180:in `start'
	from /Users/simonwalther/.passenger/standalone/3.0.19-x86_64-ruby1.9.3-macosx-10.7/support/lib/phusion_passenger/rack/application_spawner.rb:129:in `start'
	from /Users/simonwalther/.passenger/standalone/3.0.19-x86_64-ruby1.9.3-macosx-10.7/support/lib/phusion_passenger/spawn_manager.rb:253:in `block (2 levels) in spawn_rack_application'
	from /Users/simonwalther/.passenger/standalone/3.0.19-x86_64-ruby1.9.3-macosx-10.7/support/lib/phusion_passenger/abstract_server_collection.rb:132:in `lookup_or_add'
	from /Users/simonwalther/.passenger/standalone/3.0.19-x86_64-ruby1.9.3-macosx-10.7/support/lib/phusion_passenger/spawn_manager.rb:246:in `block in spawn_rack_application'
	from /Users/simonwalther/.passenger/standalone/3.0.19-x86_64-ruby1.9.3-macosx-10.7/support/lib/phusion_passenger/abstract_server_collection.rb:82:in `block in synchronize'
	from <internal:prelude>:10:in `synchronize'
	from /Users/simonwalther/.passenger/standalone/3.0.19-x86_64-ruby1.9.3-macosx-10.7/support/lib/phusion_passenger/abstract_server_collection.rb:79:in `synchronize'
	from /Users/simonwalther/.passenger/standalone/3.0.19-x86_64-ruby1.9.3-macosx-10.7/support/lib/phusion_passenger/spawn_manager.rb:244:in `spawn_rack_application'
	from /Users/simonwalther/.passenger/standalone/3.0.19-x86_64-ruby1.9.3-macosx-10.7/support/lib/phusion_passenger/spawn_manager.rb:137:in `spawn_application'
	from /Users/simonwalther/.passenger/standalone/3.0.19-x86_64-ruby1.9.3-macosx-10.7/support/lib/phusion_passenger/spawn_manager.rb:275:in `handle_spawn_application'
	from /Users/simonwalther/.passenger/standalone/3.0.19-x86_64-ruby1.9.3-macosx-10.7/support/lib/phusion_passenger/abstract_server.rb:357:in `server_main_loop'
	from /Users/simonwalther/.passenger/standalone/3.0.19-x86_64-ruby1.9.3-macosx-10.7/support/lib/phusion_passenger/abstract_server.rb:206:in `start_synchronously'
	from /Users/simonwalther/.passenger/standalone/3.0.19-x86_64-ruby1.9.3-macosx-10.7/support/helper-scripts/passenger-spawn-server:99:in `<main>'
WARNING: Sinatra 1.2.x has reached its EOL. Please upgrade.
[ pid=9306 thr=70170580307160 file=utils.rb:176 time=2013-04-12 11:21:52.893 ]: *** Exception NameError in PhusionPassenger::Rack::ApplicationSpawner (uninitialized constant Application) (process 9306, thread #<Thread:0x007fa3b90699b0>):
	from config.ru:9:in `block in <main>'
	from /Users/simonwalther/.rvm/gems/ruby-1.9.3-p286/gems/rack-1.2.1/lib/rack/builder.rb:46:in `instance_eval'
	from /Users/simonwalther/.rvm/gems/ruby-1.9.3-p286/gems/rack-1.2.1/lib/rack/builder.rb:46:in `initialize'
	from config.ru:1:in `new'
	from config.ru:1:in `<main>'
	from /Users/simonwalther/.passenger/standalone/3.0.19-x86_64-ruby1.9.3-macosx-10.7/support/lib/phusion_passenger/rack/application_spawner.rb:225:in `eval'
	from /Users/simonwalther/.passenger/standalone/3.0.19-x86_64-ruby1.9.3-macosx-10.7/support/lib/phusion_passenger/rack/application_spawner.rb:225:in `load_rack_app'
	from /Users/simonwalther/.passenger/standalone/3.0.19-x86_64-ruby1.9.3-macosx-10.7/support/lib/phusion_passenger/rack/application_spawner.rb:157:in `block in initialize_server'
	from /Users/simonwalther/.passenger/standalone/3.0.19-x86_64-ruby1.9.3-macosx-10.7/support/lib/phusion_passenger/utils.rb:563:in `report_app_init_status'
	from /Users/simonwalther/.passenger/standalone/3.0.19-x86_64-ruby1.9.3-macosx-10.7/support/lib/phusion_passenger/rack/application_spawner.rb:154:in `initialize_server'
	from /Users/simonwalther/.passenger/standalone/3.0.19-x86_64-ruby1.9.3-macosx-10.7/support/lib/phusion_passenger/abstract_server.rb:204:in `start_synchronously'
	from /Users/simonwalther/.passenger/standalone/3.0.19-x86_64-ruby1.9.3-macosx-10.7/support/lib/phusion_passenger/abstract_server.rb:180:in `start'
	from /Users/simonwalther/.passenger/standalone/3.0.19-x86_64-ruby1.9.3-macosx-10.7/support/lib/phusion_passenger/rack/application_spawner.rb:129:in `start'
	from /Users/simonwalther/.passenger/standalone/3.0.19-x86_64-ruby1.9.3-macosx-10.7/support/lib/phusion_passenger/spawn_manager.rb:253:in `block (2 levels) in spawn_rack_application'
	from /Users/simonwalther/.passenger/standalone/3.0.19-x86_64-ruby1.9.3-macosx-10.7/support/lib/phusion_passenger/abstract_server_collection.rb:132:in `lookup_or_add'
	from /Users/simonwalther/.passenger/standalone/3.0.19-x86_64-ruby1.9.3-macosx-10.7/support/lib/phusion_passenger/spawn_manager.rb:246:in `block in spawn_rack_application'
	from /Users/simonwalther/.passenger/standalone/3.0.19-x86_64-ruby1.9.3-macosx-10.7/support/lib/phusion_passenger/abstract_server_collection.rb:82:in `block in synchronize'
	from <internal:prelude>:10:in `synchronize'
	from /Users/simonwalther/.passenger/standalone/3.0.19-x86_64-ruby1.9.3-macosx-10.7/support/lib/phusion_passenger/abstract_server_collection.rb:79:in `synchronize'
	from /Users/simonwalther/.passenger/standalone/3.0.19-x86_64-ruby1.9.3-macosx-10.7/support/lib/phusion_passenger/spawn_manager.rb:244:in `spawn_rack_application'
	from /Users/simonwalther/.passenger/standalone/3.0.19-x86_64-ruby1.9.3-macosx-10.7/support/lib/phusion_passenger/spawn_manager.rb:137:in `spawn_application'
	from /Users/simonwalther/.passenger/standalone/3.0.19-x86_64-ruby1.9.3-macosx-10.7/support/lib/phusion_passenger/spawn_manager.rb:275:in `handle_spawn_application'
	from /Users/simonwalther/.passenger/standalone/3.0.19-x86_64-ruby1.9.3-macosx-10.7/support/lib/phusion_passenger/abstract_server.rb:357:in `server_main_loop'
	from /Users/simonwalther/.passenger/standalone/3.0.19-x86_64-ruby1.9.3-macosx-10.7/support/lib/phusion_passenger/abstract_server.rb:206:in `start_synchronously'
	from /Users/simonwalther/.passenger/standalone/3.0.19-x86_64-ruby1.9.3-macosx-10.7/support/helper-scripts/passenger-spawn-server:99:in `<main>'
WARNING: Sinatra 1.2.x has reached its EOL. Please upgrade.
[ pid=9336 thr=70111209934040 file=utils.rb:176 time=2013-04-12 11:23:00.416 ]: *** Exception NameError in PhusionPassenger::Rack::ApplicationSpawner (undefined local variable or method `params' for main:Object) (process 9336, thread #<Thread:0x007f88138699b0>):
	from /Users/simonwalther/Development/Clients/moriertraiteur/website/config/application.rb:7:in `<top (required)>'
	from /Users/simonwalther/.rvm/gems/ruby-1.9.3-p286/gems/backports-3.3.0/lib/backports/tools.rb:328:in `require'
	from /Users/simonwalther/.rvm/gems/ruby-1.9.3-p286/gems/backports-3.3.0/lib/backports/tools.rb:328:in `require_with_backports'
	from /Users/simonwalther/Development/Clients/moriertraiteur/website/app/website.rb:5:in `<top (required)>'
	from config.ru:7:in `require'
	from config.ru:7:in `block in <main>'
	from /Users/simonwalther/.rvm/gems/ruby-1.9.3-p286/gems/rack-1.2.1/lib/rack/builder.rb:46:in `instance_eval'
	from /Users/simonwalther/.rvm/gems/ruby-1.9.3-p286/gems/rack-1.2.1/lib/rack/builder.rb:46:in `initialize'
	from config.ru:1:in `new'
	from config.ru:1:in `<main>'
	from /Users/simonwalther/.passenger/standalone/3.0.19-x86_64-ruby1.9.3-macosx-10.7/support/lib/phusion_passenger/rack/application_spawner.rb:225:in `eval'
	from /Users/simonwalther/.passenger/standalone/3.0.19-x86_64-ruby1.9.3-macosx-10.7/support/lib/phusion_passenger/rack/application_spawner.rb:225:in `load_rack_app'
	from /Users/simonwalther/.passenger/standalone/3.0.19-x86_64-ruby1.9.3-macosx-10.7/support/lib/phusion_passenger/rack/application_spawner.rb:157:in `block in initialize_server'
	from /Users/simonwalther/.passenger/standalone/3.0.19-x86_64-ruby1.9.3-macosx-10.7/support/lib/phusion_passenger/utils.rb:563:in `report_app_init_status'
	from /Users/simonwalther/.passenger/standalone/3.0.19-x86_64-ruby1.9.3-macosx-10.7/support/lib/phusion_passenger/rack/application_spawner.rb:154:in `initialize_server'
	from /Users/simonwalther/.passenger/standalone/3.0.19-x86_64-ruby1.9.3-macosx-10.7/support/lib/phusion_passenger/abstract_server.rb:204:in `start_synchronously'
	from /Users/simonwalther/.passenger/standalone/3.0.19-x86_64-ruby1.9.3-macosx-10.7/support/lib/phusion_passenger/abstract_server.rb:180:in `start'
	from /Users/simonwalther/.passenger/standalone/3.0.19-x86_64-ruby1.9.3-macosx-10.7/support/lib/phusion_passenger/rack/application_spawner.rb:129:in `start'
	from /Users/simonwalther/.passenger/standalone/3.0.19-x86_64-ruby1.9.3-macosx-10.7/support/lib/phusion_passenger/spawn_manager.rb:253:in `block (2 levels) in spawn_rack_application'
	from /Users/simonwalther/.passenger/standalone/3.0.19-x86_64-ruby1.9.3-macosx-10.7/support/lib/phusion_passenger/abstract_server_collection.rb:132:in `lookup_or_add'
	from /Users/simonwalther/.passenger/standalone/3.0.19-x86_64-ruby1.9.3-macosx-10.7/support/lib/phusion_passenger/spawn_manager.rb:246:in `block in spawn_rack_application'
	from /Users/simonwalther/.passenger/standalone/3.0.19-x86_64-ruby1.9.3-macosx-10.7/support/lib/phusion_passenger/abstract_server_collection.rb:82:in `block in synchronize'
	from <internal:prelude>:10:in `synchronize'
	from /Users/simonwalther/.passenger/standalone/3.0.19-x86_64-ruby1.9.3-macosx-10.7/support/lib/phusion_passenger/abstract_server_collection.rb:79:in `synchronize'
	from /Users/simonwalther/.passenger/standalone/3.0.19-x86_64-ruby1.9.3-macosx-10.7/support/lib/phusion_passenger/spawn_manager.rb:244:in `spawn_rack_application'
	from /Users/simonwalther/.passenger/standalone/3.0.19-x86_64-ruby1.9.3-macosx-10.7/support/lib/phusion_passenger/spawn_manager.rb:137:in `spawn_application'
	from /Users/simonwalther/.passenger/standalone/3.0.19-x86_64-ruby1.9.3-macosx-10.7/support/lib/phusion_passenger/spawn_manager.rb:275:in `handle_spawn_application'
	from /Users/simonwalther/.passenger/standalone/3.0.19-x86_64-ruby1.9.3-macosx-10.7/support/lib/phusion_passenger/abstract_server.rb:357:in `server_main_loop'
	from /Users/simonwalther/.passenger/standalone/3.0.19-x86_64-ruby1.9.3-macosx-10.7/support/lib/phusion_passenger/abstract_server.rb:206:in `start_synchronously'
	from /Users/simonwalther/.passenger/standalone/3.0.19-x86_64-ruby1.9.3-macosx-10.7/support/helper-scripts/passenger-spawn-server:99:in `<main>'
WARNING: Sinatra 1.2.x has reached its EOL. Please upgrade.
[ pid=9336 thr=70111209934040 file=utils.rb:176 time=2013-04-12 11:23:09.514 ]: *** Exception NameError in PhusionPassenger::Rack::ApplicationSpawner (undefined local variable or method `params' for main:Object) (process 9336, thread #<Thread:0x007f88138699b0>):
	from /Users/simonwalther/Development/Clients/moriertraiteur/website/config/application.rb:7:in `<top (required)>'
	from /Users/simonwalther/.rvm/gems/ruby-1.9.3-p286/gems/backports-3.3.0/lib/backports/tools.rb:328:in `require'
	from /Users/simonwalther/.rvm/gems/ruby-1.9.3-p286/gems/backports-3.3.0/lib/backports/tools.rb:328:in `require_with_backports'
	from /Users/simonwalther/Development/Clients/moriertraiteur/website/app/website.rb:5:in `<top (required)>'
	from config.ru:7:in `require'
	from config.ru:7:in `block in <main>'
	from /Users/simonwalther/.rvm/gems/ruby-1.9.3-p286/gems/rack-1.2.1/lib/rack/builder.rb:46:in `instance_eval'
	from /Users/simonwalther/.rvm/gems/ruby-1.9.3-p286/gems/rack-1.2.1/lib/rack/builder.rb:46:in `initialize'
	from config.ru:1:in `new'
	from config.ru:1:in `<main>'
	from /Users/simonwalther/.passenger/standalone/3.0.19-x86_64-ruby1.9.3-macosx-10.7/support/lib/phusion_passenger/rack/application_spawner.rb:225:in `eval'
	from /Users/simonwalther/.passenger/standalone/3.0.19-x86_64-ruby1.9.3-macosx-10.7/support/lib/phusion_passenger/rack/application_spawner.rb:225:in `load_rack_app'
	from /Users/simonwalther/.passenger/standalone/3.0.19-x86_64-ruby1.9.3-macosx-10.7/support/lib/phusion_passenger/rack/application_spawner.rb:157:in `block in initialize_server'
	from /Users/simonwalther/.passenger/standalone/3.0.19-x86_64-ruby1.9.3-macosx-10.7/support/lib/phusion_passenger/utils.rb:563:in `report_app_init_status'
	from /Users/simonwalther/.passenger/standalone/3.0.19-x86_64-ruby1.9.3-macosx-10.7/support/lib/phusion_passenger/rack/application_spawner.rb:154:in `initialize_server'
	from /Users/simonwalther/.passenger/standalone/3.0.19-x86_64-ruby1.9.3-macosx-10.7/support/lib/phusion_passenger/abstract_server.rb:204:in `start_synchronously'
	from /Users/simonwalther/.passenger/standalone/3.0.19-x86_64-ruby1.9.3-macosx-10.7/support/lib/phusion_passenger/abstract_server.rb:180:in `start'
	from /Users/simonwalther/.passenger/standalone/3.0.19-x86_64-ruby1.9.3-macosx-10.7/support/lib/phusion_passenger/rack/application_spawner.rb:129:in `start'
	from /Users/simonwalther/.passenger/standalone/3.0.19-x86_64-ruby1.9.3-macosx-10.7/support/lib/phusion_passenger/spawn_manager.rb:253:in `block (2 levels) in spawn_rack_application'
	from /Users/simonwalther/.passenger/standalone/3.0.19-x86_64-ruby1.9.3-macosx-10.7/support/lib/phusion_passenger/abstract_server_collection.rb:132:in `lookup_or_add'
	from /Users/simonwalther/.passenger/standalone/3.0.19-x86_64-ruby1.9.3-macosx-10.7/support/lib/phusion_passenger/spawn_manager.rb:246:in `block in spawn_rack_application'
	from /Users/simonwalther/.passenger/standalone/3.0.19-x86_64-ruby1.9.3-macosx-10.7/support/lib/phusion_passenger/abstract_server_collection.rb:82:in `block in synchronize'
	from <internal:prelude>:10:in `synchronize'
	from /Users/simonwalther/.passenger/standalone/3.0.19-x86_64-ruby1.9.3-macosx-10.7/support/lib/phusion_passenger/abstract_server_collection.rb:79:in `synchronize'
	from /Users/simonwalther/.passenger/standalone/3.0.19-x86_64-ruby1.9.3-macosx-10.7/support/lib/phusion_passenger/spawn_manager.rb:244:in `spawn_rack_application'
	from /Users/simonwalther/.passenger/standalone/3.0.19-x86_64-ruby1.9.3-macosx-10.7/support/lib/phusion_passenger/spawn_manager.rb:137:in `spawn_application'
	from /Users/simonwalther/.passenger/standalone/3.0.19-x86_64-ruby1.9.3-macosx-10.7/support/lib/phusion_passenger/spawn_manager.rb:275:in `handle_spawn_application'
	from /Users/simonwalther/.passenger/standalone/3.0.19-x86_64-ruby1.9.3-macosx-10.7/support/lib/phusion_passenger/abstract_server.rb:357:in `server_main_loop'
	from /Users/simonwalther/.passenger/standalone/3.0.19-x86_64-ruby1.9.3-macosx-10.7/support/lib/phusion_passenger/abstract_server.rb:206:in `start_synchronously'
	from /Users/simonwalther/.passenger/standalone/3.0.19-x86_64-ruby1.9.3-macosx-10.7/support/helper-scripts/passenger-spawn-server:99:in `<main>'
WARNING: Sinatra 1.2.x has reached its EOL. Please upgrade.
[ pid=9336 thr=70111209934040 file=utils.rb:176 time=2013-04-12 11:23:11.439 ]: *** Exception NameError in PhusionPassenger::Rack::ApplicationSpawner (undefined local variable or method `params' for main:Object) (process 9336, thread #<Thread:0x007f88138699b0>):
	from /Users/simonwalther/Development/Clients/moriertraiteur/website/config/application.rb:7:in `<top (required)>'
	from /Users/simonwalther/.rvm/gems/ruby-1.9.3-p286/gems/backports-3.3.0/lib/backports/tools.rb:328:in `require'
	from /Users/simonwalther/.rvm/gems/ruby-1.9.3-p286/gems/backports-3.3.0/lib/backports/tools.rb:328:in `require_with_backports'
	from /Users/simonwalther/Development/Clients/moriertraiteur/website/app/website.rb:5:in `<top (required)>'
	from config.ru:7:in `require'
	from config.ru:7:in `block in <main>'
	from /Users/simonwalther/.rvm/gems/ruby-1.9.3-p286/gems/rack-1.2.1/lib/rack/builder.rb:46:in `instance_eval'
	from /Users/simonwalther/.rvm/gems/ruby-1.9.3-p286/gems/rack-1.2.1/lib/rack/builder.rb:46:in `initialize'
	from config.ru:1:in `new'
	from config.ru:1:in `<main>'
	from /Users/simonwalther/.passenger/standalone/3.0.19-x86_64-ruby1.9.3-macosx-10.7/support/lib/phusion_passenger/rack/application_spawner.rb:225:in `eval'
	from /Users/simonwalther/.passenger/standalone/3.0.19-x86_64-ruby1.9.3-macosx-10.7/support/lib/phusion_passenger/rack/application_spawner.rb:225:in `load_rack_app'
	from /Users/simonwalther/.passenger/standalone/3.0.19-x86_64-ruby1.9.3-macosx-10.7/support/lib/phusion_passenger/rack/application_spawner.rb:157:in `block in initialize_server'
	from /Users/simonwalther/.passenger/standalone/3.0.19-x86_64-ruby1.9.3-macosx-10.7/support/lib/phusion_passenger/utils.rb:563:in `report_app_init_status'
	from /Users/simonwalther/.passenger/standalone/3.0.19-x86_64-ruby1.9.3-macosx-10.7/support/lib/phusion_passenger/rack/application_spawner.rb:154:in `initialize_server'
	from /Users/simonwalther/.passenger/standalone/3.0.19-x86_64-ruby1.9.3-macosx-10.7/support/lib/phusion_passenger/abstract_server.rb:204:in `start_synchronously'
	from /Users/simonwalther/.passenger/standalone/3.0.19-x86_64-ruby1.9.3-macosx-10.7/support/lib/phusion_passenger/abstract_server.rb:180:in `start'
	from /Users/simonwalther/.passenger/standalone/3.0.19-x86_64-ruby1.9.3-macosx-10.7/support/lib/phusion_passenger/rack/application_spawner.rb:129:in `start'
	from /Users/simonwalther/.passenger/standalone/3.0.19-x86_64-ruby1.9.3-macosx-10.7/support/lib/phusion_passenger/spawn_manager.rb:253:in `block (2 levels) in spawn_rack_application'
	from /Users/simonwalther/.passenger/standalone/3.0.19-x86_64-ruby1.9.3-macosx-10.7/support/lib/phusion_passenger/abstract_server_collection.rb:132:in `lookup_or_add'
	from /Users/simonwalther/.passenger/standalone/3.0.19-x86_64-ruby1.9.3-macosx-10.7/support/lib/phusion_passenger/spawn_manager.rb:246:in `block in spawn_rack_application'
	from /Users/simonwalther/.passenger/standalone/3.0.19-x86_64-ruby1.9.3-macosx-10.7/support/lib/phusion_passenger/abstract_server_collection.rb:82:in `block in synchronize'
	from <internal:prelude>:10:in `synchronize'
	from /Users/simonwalther/.passenger/standalone/3.0.19-x86_64-ruby1.9.3-macosx-10.7/support/lib/phusion_passenger/abstract_server_collection.rb:79:in `synchronize'
	from /Users/simonwalther/.passenger/standalone/3.0.19-x86_64-ruby1.9.3-macosx-10.7/support/lib/phusion_passenger/spawn_manager.rb:244:in `spawn_rack_application'
	from /Users/simonwalther/.passenger/standalone/3.0.19-x86_64-ruby1.9.3-macosx-10.7/support/lib/phusion_passenger/spawn_manager.rb:137:in `spawn_application'
	from /Users/simonwalther/.passenger/standalone/3.0.19-x86_64-ruby1.9.3-macosx-10.7/support/lib/phusion_passenger/spawn_manager.rb:275:in `handle_spawn_application'
	from /Users/simonwalther/.passenger/standalone/3.0.19-x86_64-ruby1.9.3-macosx-10.7/support/lib/phusion_passenger/abstract_server.rb:357:in `server_main_loop'
	from /Users/simonwalther/.passenger/standalone/3.0.19-x86_64-ruby1.9.3-macosx-10.7/support/lib/phusion_passenger/abstract_server.rb:206:in `start_synchronously'
	from /Users/simonwalther/.passenger/standalone/3.0.19-x86_64-ruby1.9.3-macosx-10.7/support/helper-scripts/passenger-spawn-server:99:in `<main>'
WARNING: Sinatra 1.2.x has reached its EOL. Please upgrade.
WARNING: Sinatra 1.2.x has reached its EOL. Please upgrade.
